<?xml version="1.0" encoding="UTF-8"?>
<TestRun id="8cd7e6c4-d50f-4045-b5bb-00939ea09c17" name="1@1-ПК 2015-07-15 16:41:51" runUser="1-ПК\1" xmlns="http://microsoft.com/schemas/VisualStudio/TeamTest/2006">
  <TestRunConfiguration name="Local Test Run" id="b301f97c-eb11-4d32-88f2-d4ba11f71626">
    <Description>This is a default test run configuration for a local test run.</Description>
    <Deployment runDeploymentRoot="C:\FREEDOM\VK_COM\VK_COM\TestResults\1_1-ПК 2015-07-15 16_41_51">
      <DeploymentItem filename="C:\FREEDOM\VK_COM\VK_COM\VK_COM\bin\Debug\VK_COM.dll" />
      <DeploymentItem filename="C:\FREEDOM\VK_COM\VK_COM\VkHistory\bin\Debug\VkHistory.dll" />
      <DeploymentItem filename="C:\FREEDOM\VK_COM\VK_COM\VkAuthorization\bin\Debug\VkAuthorization.dll" />
    </Deployment>
    <TestTypeSpecific />
  </TestRunConfiguration>
  <ResultSummary outcome="Failed">
    <Counters total="3" executed="3" passed="1" error="0" failed="2" timeout="0" aborted="0" inconclusive="0" passedButRunAborted="0" notRunnable="0" notExecuted="0" disconnected="0" warning="0" completed="0" inProgress="0" pending="0" />
    <RunInfos>
      <RunInfo computerName="1-ПК" outcome="Warning" timestamp="2015-07-15T16:41:53.9946709+03:00">
        <Text>Warning: conflict during test run deployment: deployment item 'c:\freedom\vk_com\vk_com\vkauthorizationtests\bin\debug\VkAuthorization.dll' directly or indirectly referenced by the test container 'c:\freedom\vk_com\vk_com\vkauthorizationtests\bin\debug\vkauthorizationtests.dll' cannot be deployed to 'VkAuthorization.dll' because otherwise the file 'c:\freedom\vk_com\vk_com\vkauthorizationtests\bin\debug\VkAuthorization.dll' would overwrite deployment item 'C:\FREEDOM\VK_COM\VK_COM\VkAuthorization\bin\Debug\VkAuthorization.dll' directly or indirectly referenced by C:\FREEDOM\VK_COM\VK_COM\VkAuthorizationTests\bin\Debug\VkAuthorizationTests.dll.</Text>
      </RunInfo>
      <RunInfo computerName="1-ПК" outcome="Warning" timestamp="2015-07-15T16:41:53.9956709+03:00">
        <Text>Warning: conflict during test run deployment: deployment item 'c:\freedom\vk_com\vk_com\vkauthorizationtests\bin\debug\VK_COM.dll' directly or indirectly referenced by the test container 'c:\freedom\vk_com\vk_com\vkauthorizationtests\bin\debug\vkauthorizationtests.dll' cannot be deployed to 'VK_COM.dll' because otherwise the file 'c:\freedom\vk_com\vk_com\vkauthorizationtests\bin\debug\VK_COM.dll' would overwrite deployment item 'C:\FREEDOM\VK_COM\VK_COM\VK_COM\bin\Debug\VK_COM.dll' directly or indirectly referenced by C:\FREEDOM\VK_COM\VK_COM\VkHistoryTests\bin\Debug\VkHistoryTests.dll.</Text>
      </RunInfo>
    </RunInfos>
  </ResultSummary>
  <Times creation="2015-07-15T16:41:51.5185293+03:00" queuing="2015-07-15T16:41:56.4198096+03:00" start="2015-07-15T16:41:56.7978312+03:00" finish="2015-07-15T16:44:22.9641915+03:00" />
  <TestDefinitions>
    <UnitTest name="SaveLoadData" storage="c:\freedom\vk_com\vk_com\vkhistorytests\bin\debug\vkhistorytests.dll" id="9ce1a5fa-3fb4-5543-a32b-d92433e2911c">
      <Css projectStructure="" iteration="" />
      <Owners>
        <Owner name="" />
      </Owners>
      <Execution id="ae6c27b4-48fb-4834-971f-7694957d6117" />
      <TestMethod codeBase="C:\FREEDOM\VK_COM\VK_COM\VkHistoryTests\bin\Debug\VkHistoryTests.dll" adapterTypeName="Microsoft.VisualStudio.TestTools.TestTypes.Unit.UnitTestAdapter, Microsoft.VisualStudio.QualityTools.Tips.UnitTest.Adapter, Version=9.0.0.0, Culture=neutral, PublicKeyToken=b03f5f7f11d50a3a" className="VkHistoryTests.SaveLoadTest, VkHistoryTests" name="SaveLoadData" />
    </UnitTest>
    <UnitTest name="Authorize" storage="c:\freedom\vk_com\vk_com\vkauthorizationtests\bin\debug\vkauthorizationtests.dll" id="91d9f434-c2b2-24d7-d54d-a2d581794b83">
      <Css projectStructure="" iteration="" />
      <Owners>
        <Owner name="" />
      </Owners>
      <Execution id="abd17106-2b12-40da-94d5-463a91fbfae9" />
      <TestMethod codeBase="C:\FREEDOM\VK_COM\VK_COM\VkAuthorizationTests\bin\Debug\VkAuthorizationTests.dll" adapterTypeName="Microsoft.VisualStudio.TestTools.TestTypes.Unit.UnitTestAdapter, Microsoft.VisualStudio.QualityTools.Tips.UnitTest.Adapter, Version=9.0.0.0, Culture=neutral, PublicKeyToken=b03f5f7f11d50a3a" className="VkAuthorizationTests.Auth, VkAuthorizationTests" name="Authorize" />
    </UnitTest>
    <UnitTest name="LoadLineData" storage="c:\freedom\vk_com\vk_com\vkhistorytests\bin\debug\vkhistorytests.dll" id="3e101ca1-a135-16bd-a042-bfcb7969328a">
      <Css projectStructure="" iteration="" />
      <Owners>
        <Owner name="" />
      </Owners>
      <Execution id="629691c0-1ace-48eb-b832-f5d173a0a107" />
      <TestMethod codeBase="C:\FREEDOM\VK_COM\VK_COM\VkHistoryTests\bin\Debug\VkHistoryTests.dll" adapterTypeName="Microsoft.VisualStudio.TestTools.TestTypes.Unit.UnitTestAdapter, Microsoft.VisualStudio.QualityTools.Tips.UnitTest.Adapter, Version=9.0.0.0, Culture=neutral, PublicKeyToken=b03f5f7f11d50a3a" className="VkHistoryTests.SaveLoadTest, VkHistoryTests" name="LoadLineData" />
    </UnitTest>
  </TestDefinitions>
  <TestLists>
    <TestList name="Results Not in a List" id="8c84fa94-04c1-424b-9868-57a2d4851a1d" />
    <TestList name="All Loaded Results" id="19431567-8539-422a-85d7-44ee4e166bda" />
  </TestLists>
  <TestEntries>
    <TestEntry testId="3e101ca1-a135-16bd-a042-bfcb7969328a" executionId="629691c0-1ace-48eb-b832-f5d173a0a107" testListId="8c84fa94-04c1-424b-9868-57a2d4851a1d" />
    <TestEntry testId="91d9f434-c2b2-24d7-d54d-a2d581794b83" executionId="abd17106-2b12-40da-94d5-463a91fbfae9" testListId="8c84fa94-04c1-424b-9868-57a2d4851a1d" />
    <TestEntry testId="9ce1a5fa-3fb4-5543-a32b-d92433e2911c" executionId="ae6c27b4-48fb-4834-971f-7694957d6117" testListId="8c84fa94-04c1-424b-9868-57a2d4851a1d" />
  </TestEntries>
  <Results>
    <UnitTestResult executionId="629691c0-1ace-48eb-b832-f5d173a0a107" testId="3e101ca1-a135-16bd-a042-bfcb7969328a" testName="LoadLineData" computerName="1-ПК" duration="00:02:25.3899662" startTime="2015-07-15T16:41:56.8888364+03:00" endTime="2015-07-15T16:44:22.5391671+03:00" testType="13cdc9d9-ddb5-4fa4-a97d-d965ccfc6d4b" outcome="Failed" testListId="8c84fa94-04c1-424b-9868-57a2d4851a1d">
      <Output>
        <ErrorInfo>
          <Message>Assert.IsTrue failed. </Message>
          <StackTrace>   в VkHistoryTests.SaveLoadTest.LoadLineData() в C:\FREEDOM\VK_COM\VK_COM\VkHistoryTests\SaveLoadTest.cs:строка 78
</StackTrace>
        </ErrorInfo>
      </Output>
    </UnitTestResult>
    <UnitTestResult executionId="abd17106-2b12-40da-94d5-463a91fbfae9" testId="91d9f434-c2b2-24d7-d54d-a2d581794b83" testName="Authorize" computerName="1-ПК" duration="00:00:00.0554129" startTime="2015-07-15T16:44:22.5511678+03:00" endTime="2015-07-15T16:44:22.7301781+03:00" testType="13cdc9d9-ddb5-4fa4-a97d-d965ccfc6d4b" outcome="Failed" testListId="8c84fa94-04c1-424b-9868-57a2d4851a1d">
      <Output>
        <ErrorInfo>
          <Message>Test method VkAuthorizationTests.Auth.Authorize threw exception:  System.MissingMethodException: Метод не найден: "Boolean VkAuthorization.IAuthorization.authorize()"..</Message>
          <StackTrace>    в VkAuthorizationTests.Auth.Authorize()
</StackTrace>
        </ErrorInfo>
      </Output>
    </UnitTestResult>
    <UnitTestResult executionId="ae6c27b4-48fb-4834-971f-7694957d6117" testId="9ce1a5fa-3fb4-5543-a32b-d92433e2911c" testName="SaveLoadData" computerName="1-ПК" duration="00:00:00.0426805" startTime="2015-07-15T16:44:22.7371785+03:00" endTime="2015-07-15T16:44:22.8011821+03:00" testType="13cdc9d9-ddb5-4fa4-a97d-d965ccfc6d4b" outcome="Passed" testListId="8c84fa94-04c1-424b-9868-57a2d4851a1d">
      <Output>
      </Output>
    </UnitTestResult>
  </Results>
</TestRun>